[debug] [2020-09-18T22:50:27.908Z] ----------------------------------------------------------------------
[debug] [2020-09-18T22:50:27.910Z] Command:       C:\Program Files\nodejs\node.exe C:\Users\yuri_\AppData\Roaming\npm\node_modules\firebase-tools\lib\bin\firebase.js init
[debug] [2020-09-18T22:50:27.910Z] CLI Version:   8.10.0
[debug] [2020-09-18T22:50:27.910Z] Platform:      win32
[debug] [2020-09-18T22:50:27.910Z] Node Version:  v12.18.2
[debug] [2020-09-18T22:50:27.911Z] Time:          Fri Sep 18 2020 19:50:27 GMT-0300 (GMT-03:00)
[debug] [2020-09-18T22:50:27.911Z] ----------------------------------------------------------------------
[debug] [2020-09-18T22:50:27.911Z] 
[debug] [2020-09-18T22:50:27.918Z] > command requires scopes: ["email","openid","https://www.googleapis.com/auth/cloudplatformprojects.readonly","https://www.googleapis.com/auth/firebase","https://www.googleapis.com/auth/cloud-platform"]
[debug] [2020-09-18T22:50:27.918Z] > authorizing via signed-in user
[info] 
     ######## #### ########  ######## ########     ###     ######  ########
     ##        ##  ##     ## ##       ##     ##  ##   ##  ##       ##
     ######    ##  ########  ######   ########  #########  ######  ######
     ##        ##  ##    ##  ##       ##     ## ##     ##       ## ##
     ##       #### ##     ## ######## ########  ##     ##  ######  ########

You're about to initialize a Firebase project in this directory:

  F:\Apps\Driver App\main\GrabCab_Code\GrabCabRider_code

[info] 
=== Project Setup
[info] 
[info] First, let's associate this project directory with a Firebase project.
[info] You can create multiple project aliases by running firebase use --add, 
[info] but for now we'll just set up a default project.
[info] 
