[debug] [2020-12-05T06:32:29.035Z] ----------------------------------------------------------------------
[debug] [2020-12-05T06:32:29.037Z] Command:       C:\Program Files\nodejs\node.exe C:\Users\yuri_\AppData\Roaming\npm\node_modules\firebase-tools\lib\bin\firebase.js deploy
[debug] [2020-12-05T06:32:29.037Z] CLI Version:   8.10.0
[debug] [2020-12-05T06:32:29.037Z] Platform:      win32
[debug] [2020-12-05T06:32:29.037Z] Node Version:  v12.18.2
[debug] [2020-12-05T06:32:29.038Z] Time:          Sat Dec 05 2020 03:32:29 GMT-0300 (GMT-03:00)
[debug] [2020-12-05T06:32:29.039Z] ----------------------------------------------------------------------
[debug] [2020-12-05T06:32:29.039Z] 
[debug] [2020-12-05T06:32:29.045Z] > command requires scopes: ["email","openid","https://www.googleapis.com/auth/cloudplatformprojects.readonly","https://www.googleapis.com/auth/firebase","https://www.googleapis.com/auth/cloud-platform"]
[debug] [2020-12-05T06:32:29.046Z] > authorizing via signed-in user
[debug] [2020-12-05T06:32:29.046Z] [iam] checking project app-colt for permissions ["cloudfunctions.functions.create","cloudfunctions.functions.delete","cloudfunctions.functions.get","cloudfunctions.functions.list","cloudfunctions.functions.update","cloudfunctions.operations.get","firebase.projects.get","firebasehosting.sites.update"]
[debug] [2020-12-05T06:32:29.048Z] >>> HTTP REQUEST POST https://cloudresourcemanager.googleapis.com/v1/projects/app-colt:testIamPermissions  
 {"permissions":["cloudfunctions.functions.create","cloudfunctions.functions.delete","cloudfunctions.functions.get","cloudfunctions.functions.list","cloudfunctions.functions.update","cloudfunctions.operations.get","firebase.projects.get","firebasehosting.sites.update"]}
[debug] [2020-12-05T06:32:29.890Z] <<< HTTP RESPONSE 200 {"content-type":"application/json; charset=UTF-8","vary":"X-Origin, Referer, Origin,Accept-Encoding","date":"Sat, 05 Dec 2020 06:32:29 GMT","server":"ESF","cache-control":"private","x-xss-protection":"0","x-frame-options":"SAMEORIGIN","x-content-type-options":"nosniff","server-timing":"gfet4t7; dur=753","alt-svc":"h3-29=\":443\"; ma=2592000,h3-T051=\":443\"; ma=2592000,h3-Q050=\":443\"; ma=2592000,h3-Q046=\":443\"; ma=2592000,h3-Q043=\":443\"; ma=2592000,quic=\":443\"; ma=2592000; v=\"46,43\"","accept-ranges":"none","transfer-encoding":"chunked"}
[debug] [2020-12-05T06:32:29.891Z] >>> HTTP REQUEST POST https://iam.googleapis.com/v1/projects/app-colt/serviceAccounts/app-colt@appspot.gserviceaccount.com:testIamPermissions  
 {"permissions":["iam.serviceAccounts.actAs"]}
[debug] [2020-12-05T06:32:30.676Z] <<< HTTP RESPONSE 200 {"content-type":"application/json; charset=UTF-8","vary":"X-Origin, Referer, Origin,Accept-Encoding","date":"Sat, 05 Dec 2020 06:32:30 GMT","server":"ESF","cache-control":"private","x-xss-protection":"0","x-frame-options":"SAMEORIGIN","x-content-type-options":"nosniff","alt-svc":"h3-29=\":443\"; ma=2592000,h3-T051=\":443\"; ma=2592000,h3-Q050=\":443\"; ma=2592000,h3-Q046=\":443\"; ma=2592000,h3-Q043=\":443\"; ma=2592000,quic=\":443\"; ma=2592000; v=\"46,43\"","accept-ranges":"none","transfer-encoding":"chunked"}
[debug] [2020-12-05T06:32:30.677Z] >>> HTTP REQUEST GET https://firebase.googleapis.com/v1beta1/projects/app-colt  
 
[debug] [2020-12-05T06:32:31.686Z] <<< HTTP RESPONSE 200 {"content-type":"application/json; charset=UTF-8","vary":"X-Origin, Referer, Origin,Accept-Encoding","date":"Sat, 05 Dec 2020 06:32:31 GMT","server":"ESF","cache-control":"private","x-xss-protection":"0","x-frame-options":"SAMEORIGIN","x-content-type-options":"nosniff","alt-svc":"h3-29=\":443\"; ma=2592000,h3-T051=\":443\"; ma=2592000,h3-Q050=\":443\"; ma=2592000,h3-Q046=\":443\"; ma=2592000,h3-Q043=\":443\"; ma=2592000,quic=\":443\"; ma=2592000; v=\"46,43\"","accept-ranges":"none","transfer-encoding":"chunked"}
[warn] !  functions: package.json indicates an outdated version of firebase-functions.
Please upgrade using npm install --save firebase-functions@latest in your functions directory. 
[info] 
[info] === Deploying to 'app-colt'...
[info] 
[info] i  deploying functions, hosting 
[info] Running command: npm --prefix "%RESOURCE_DIR%" run lint
